<?xml version="1.0" encoding="UTF-8"?>
<testng-results ignored="0" total="1" passed="1" failed="0" skipped="0">
  <reporter-output>
  </reporter-output>
  <suite started-at="2024-01-08T18:48:46 CST" name="Default suite" finished-at="2024-01-08T18:48:57 CST" duration-ms="11371">
    <groups>
    </groups>
    <test started-at="2024-01-08T18:48:46 CST" name="Default test" finished-at="2024-01-08T18:48:57 CST" duration-ms="11371">
      <class name="com.qa.Testcase.AddToCartTest">
        <test-method is-config="true" signature="setup()[pri:0, instance:com.qa.Testcase.AddToCartTest@2d52216b]" started-at="2024-01-08T18:48:46 CST" name="setup" finished-at="2024-01-08T18:48:55 CST" duration-ms="9118" status="PASS">
          <reporter-output>
          </reporter-output>
        </test-method> <!-- setup -->
        <test-method signature="AddToCart()[pri:0, instance:com.qa.Testcase.AddToCartTest@2d52216b]" started-at="2024-01-08T18:48:55 CST" name="AddToCart" finished-at="2024-01-08T18:48:57 CST" duration-ms="2211" status="PASS">
          <reporter-output>
          </reporter-output>
        </test-method> <!-- AddToCart -->
      </class> <!-- com.qa.Testcase.AddToCartTest -->
    </test> <!-- Default test -->
  </suite> <!-- Default suite -->
</testng-results>
